<?xml version="1.0" encoding="UTF-8"?>
<!-- Generated by org.testng.reporters.JUnitReportReporter -->
<testsuite hostname="Neethas-MacBook-Pro.local" name="CompleteIntegration.HomePage" tests="3" failures="0" timestamp="29 Apr 2020 19:04:59 GMT" time="18.310" errors="0">
  <testcase name="basePageNavigation" time="8.299" classname="CompleteIntegration.HomePage"/>
  <testcase name="basePageNavigation" time="4.665" classname="CompleteIntegration.HomePage"/>
  <testcase name="basePageNavigation" time="5.346" classname="CompleteIntegration.HomePage"/>
</testsuite> <!-- CompleteIntegration.HomePage -->
