<?xml version="1.0" encoding="UTF-8"?>
<testsuite xmlns:xsi="http://www.w3.org/2001/XMLSchema-instance" xsi:noNamespaceSchemaLocation="https://maven.apache.org/surefire/maven-surefire-plugin/xsd/surefire-test-report-3.0.xsd" version="3.0" name="TestSuite" time="33.199" tests="6" errors="0" skipped="0" failures="1">
  <properties>
    <property name="gopherProxySet" value="false"/>
    <property name="awt.toolkit" value="sun.lwawt.macosx.LWCToolkit"/>
    <property name="file.encoding.pkg" value="sun.io"/>
    <property name="java.specification.version" value="1.8"/>
    <property name="webdriver.chrome.driver" value="/Users/user1/Desktop/Neetha-work/Courses/Java/E2EProject/src/main/java/Resources/chromedriver"/>
    <property name="sun.cpu.isalist" value=""/>
    <property name="sun.jnu.encoding" value="UTF-8"/>
    <property name="java.class.path" value="/Users/user1/Desktop/Neetha-work/Courses/Java/E2EProject/target/test-classes:/Users/user1/Desktop/Neetha-work/Courses/Java/E2EProject/target/classes:/Users/user1/.m2/repository/org/seleniumhq/selenium/selenium-java/3.141.59/selenium-java-3.141.59.jar:/Users/user1/.m2/repository/org/seleniumhq/selenium/selenium-api/3.141.59/selenium-api-3.141.59.jar:/Users/user1/.m2/repository/org/seleniumhq/selenium/selenium-chrome-driver/3.141.59/selenium-chrome-driver-3.141.59.jar:/Users/user1/.m2/repository/org/seleniumhq/selenium/selenium-edge-driver/3.141.59/selenium-edge-driver-3.141.59.jar:/Users/user1/.m2/repository/org/seleniumhq/selenium/selenium-firefox-driver/3.141.59/selenium-firefox-driver-3.141.59.jar:/Users/user1/.m2/repository/org/seleniumhq/selenium/selenium-ie-driver/3.141.59/selenium-ie-driver-3.141.59.jar:/Users/user1/.m2/repository/org/seleniumhq/selenium/selenium-opera-driver/3.141.59/selenium-opera-driver-3.141.59.jar:/Users/user1/.m2/repository/org/seleniumhq/selenium/selenium-remote-driver/3.141.59/selenium-remote-driver-3.141.59.jar:/Users/user1/.m2/repository/org/seleniumhq/selenium/selenium-safari-driver/3.141.59/selenium-safari-driver-3.141.59.jar:/Users/user1/.m2/repository/org/seleniumhq/selenium/selenium-support/3.141.59/selenium-support-3.141.59.jar:/Users/user1/.m2/repository/net/bytebuddy/byte-buddy/1.8.15/byte-buddy-1.8.15.jar:/Users/user1/.m2/repository/org/apache/commons/commons-exec/1.3/commons-exec-1.3.jar:/Users/user1/.m2/repository/com/google/guava/guava/25.0-jre/guava-25.0-jre.jar:/Users/user1/.m2/repository/com/google/code/findbugs/jsr305/1.3.9/jsr305-1.3.9.jar:/Users/user1/.m2/repository/org/checkerframework/checker-compat-qual/2.0.0/checker-compat-qual-2.0.0.jar:/Users/user1/.m2/repository/com/google/errorprone/error_prone_annotations/2.1.3/error_prone_annotations-2.1.3.jar:/Users/user1/.m2/repository/com/google/j2objc/j2objc-annotations/1.1/j2objc-annotations-1.1.jar:/Users/user1/.m2/repository/org/codehaus/mojo/animal-sniffer-annotations/1.14/animal-sniffer-annotations-1.14.jar:/Users/user1/.m2/repository/com/squareup/okhttp3/okhttp/3.11.0/okhttp-3.11.0.jar:/Users/user1/.m2/repository/com/squareup/okio/okio/1.14.0/okio-1.14.0.jar:/Users/user1/.m2/repository/org/testng/testng/6.8/testng-6.8.jar:/Users/user1/.m2/repository/junit/junit/4.10/junit-4.10.jar:/Users/user1/.m2/repository/org/hamcrest/hamcrest-core/1.1/hamcrest-core-1.1.jar:/Users/user1/.m2/repository/org/beanshell/bsh/2.0b4/bsh-2.0b4.jar:/Users/user1/.m2/repository/com/beust/jcommander/1.27/jcommander-1.27.jar:/Users/user1/.m2/repository/org/yaml/snakeyaml/1.6/snakeyaml-1.6.jar:/Users/user1/.m2/repository/org/apache/logging/log4j/log4j-api/2.13.2/log4j-api-2.13.2.jar:/Users/user1/.m2/repository/org/apache/logging/log4j/log4j-core/2.13.2/log4j-core-2.13.2.jar:/Users/user1/.m2/repository/commons-io/commons-io/2.6/commons-io-2.6.jar:/Users/user1/.m2/repository/com/aventstack/extentreports/3.1.5/extentreports-3.1.5.jar:/Users/user1/.m2/repository/org/freemarker/freemarker/2.3.23/freemarker-2.3.23.jar:/Users/user1/.m2/repository/org/mongodb/mongodb-driver/3.3.0/mongodb-driver-3.3.0.jar:/Users/user1/.m2/repository/org/mongodb/bson/3.3.0/bson-3.3.0.jar:/Users/user1/.m2/repository/org/mongodb/mongodb-driver-core/3.3.0/mongodb-driver-core-3.3.0.jar:/Users/user1/.m2/repository/org/apache/httpcomponents/httpclient/4.5.2/httpclient-4.5.2.jar:/Users/user1/.m2/repository/org/apache/httpcomponents/httpcore/4.4.4/httpcore-4.4.4.jar:/Users/user1/.m2/repository/commons-logging/commons-logging/1.2/commons-logging-1.2.jar:/Users/user1/.m2/repository/commons-codec/commons-codec/1.9/commons-codec-1.9.jar:/Users/user1/.m2/repository/org/apache/httpcomponents/httpmime/4.5.2/httpmime-4.5.2.jar:/Users/user1/.m2/repository/org/jsoup/jsoup/1.9.2/jsoup-1.9.2.jar:/Users/user1/.m2/repository/com/google/code/gson/gson/2.8.0/gson-2.8.0.jar:/Users/user1/.m2/repository/com/relevantcodes/extentreports/2.41.2/extentreports-2.41.2.jar:/Users/user1/.m2/repository/org/xerial/sqlite-jdbc/3.8.11.1/sqlite-jdbc-3.8.11.1.jar:"/>
    <property name="java.vm.vendor" value="Oracle Corporation"/>
    <property name="sun.arch.data.model" value="64"/>
    <property name="java.vendor.url" value="http://java.oracle.com/"/>
    <property name="user.timezone" value="America/Los_Angeles"/>
    <property name="java.vm.specification.version" value="1.8"/>
    <property name="os.name" value="Mac OS X"/>
    <property name="user.country" value="US"/>
    <property name="sun.java.launcher" value="SUN_STANDARD"/>
    <property name="sun.boot.library.path" value="/Library/Java/JavaVirtualMachines/jdk1.8.0_65.jdk/Contents/Home/jre/lib"/>
    <property name="sun.java.command" value="/Users/user1/Desktop/Neetha-work/Courses/Java/E2EProject/target/surefire/surefirebooter7351756822907912378.jar /Users/user1/Desktop/Neetha-work/Courses/Java/E2EProject/target/surefire 2020-04-29T12-04-25_536-jvmRun1 surefire4616924560235734992tmp surefire_03715833669039280145tmp"/>
    <property name="http.nonProxyHosts" value="local|*.local|169.254/16|*.169.254/16"/>
    <property name="surefire.test.class.path" value="/Users/user1/Desktop/Neetha-work/Courses/Java/E2EProject/target/test-classes:/Users/user1/Desktop/Neetha-work/Courses/Java/E2EProject/target/classes:/Users/user1/.m2/repository/org/seleniumhq/selenium/selenium-java/3.141.59/selenium-java-3.141.59.jar:/Users/user1/.m2/repository/org/seleniumhq/selenium/selenium-api/3.141.59/selenium-api-3.141.59.jar:/Users/user1/.m2/repository/org/seleniumhq/selenium/selenium-chrome-driver/3.141.59/selenium-chrome-driver-3.141.59.jar:/Users/user1/.m2/repository/org/seleniumhq/selenium/selenium-edge-driver/3.141.59/selenium-edge-driver-3.141.59.jar:/Users/user1/.m2/repository/org/seleniumhq/selenium/selenium-firefox-driver/3.141.59/selenium-firefox-driver-3.141.59.jar:/Users/user1/.m2/repository/org/seleniumhq/selenium/selenium-ie-driver/3.141.59/selenium-ie-driver-3.141.59.jar:/Users/user1/.m2/repository/org/seleniumhq/selenium/selenium-opera-driver/3.141.59/selenium-opera-driver-3.141.59.jar:/Users/user1/.m2/repository/org/seleniumhq/selenium/selenium-remote-driver/3.141.59/selenium-remote-driver-3.141.59.jar:/Users/user1/.m2/repository/org/seleniumhq/selenium/selenium-safari-driver/3.141.59/selenium-safari-driver-3.141.59.jar:/Users/user1/.m2/repository/org/seleniumhq/selenium/selenium-support/3.141.59/selenium-support-3.141.59.jar:/Users/user1/.m2/repository/net/bytebuddy/byte-buddy/1.8.15/byte-buddy-1.8.15.jar:/Users/user1/.m2/repository/org/apache/commons/commons-exec/1.3/commons-exec-1.3.jar:/Users/user1/.m2/repository/com/google/guava/guava/25.0-jre/guava-25.0-jre.jar:/Users/user1/.m2/repository/com/google/code/findbugs/jsr305/1.3.9/jsr305-1.3.9.jar:/Users/user1/.m2/repository/org/checkerframework/checker-compat-qual/2.0.0/checker-compat-qual-2.0.0.jar:/Users/user1/.m2/repository/com/google/errorprone/error_prone_annotations/2.1.3/error_prone_annotations-2.1.3.jar:/Users/user1/.m2/repository/com/google/j2objc/j2objc-annotations/1.1/j2objc-annotations-1.1.jar:/Users/user1/.m2/repository/org/codehaus/mojo/animal-sniffer-annotations/1.14/animal-sniffer-annotations-1.14.jar:/Users/user1/.m2/repository/com/squareup/okhttp3/okhttp/3.11.0/okhttp-3.11.0.jar:/Users/user1/.m2/repository/com/squareup/okio/okio/1.14.0/okio-1.14.0.jar:/Users/user1/.m2/repository/org/testng/testng/6.8/testng-6.8.jar:/Users/user1/.m2/repository/junit/junit/4.10/junit-4.10.jar:/Users/user1/.m2/repository/org/hamcrest/hamcrest-core/1.1/hamcrest-core-1.1.jar:/Users/user1/.m2/repository/org/beanshell/bsh/2.0b4/bsh-2.0b4.jar:/Users/user1/.m2/repository/com/beust/jcommander/1.27/jcommander-1.27.jar:/Users/user1/.m2/repository/org/yaml/snakeyaml/1.6/snakeyaml-1.6.jar:/Users/user1/.m2/repository/org/apache/logging/log4j/log4j-api/2.13.2/log4j-api-2.13.2.jar:/Users/user1/.m2/repository/org/apache/logging/log4j/log4j-core/2.13.2/log4j-core-2.13.2.jar:/Users/user1/.m2/repository/commons-io/commons-io/2.6/commons-io-2.6.jar:/Users/user1/.m2/repository/com/aventstack/extentreports/3.1.5/extentreports-3.1.5.jar:/Users/user1/.m2/repository/org/freemarker/freemarker/2.3.23/freemarker-2.3.23.jar:/Users/user1/.m2/repository/org/mongodb/mongodb-driver/3.3.0/mongodb-driver-3.3.0.jar:/Users/user1/.m2/repository/org/mongodb/bson/3.3.0/bson-3.3.0.jar:/Users/user1/.m2/repository/org/mongodb/mongodb-driver-core/3.3.0/mongodb-driver-core-3.3.0.jar:/Users/user1/.m2/repository/org/apache/httpcomponents/httpclient/4.5.2/httpclient-4.5.2.jar:/Users/user1/.m2/repository/org/apache/httpcomponents/httpcore/4.4.4/httpcore-4.4.4.jar:/Users/user1/.m2/repository/commons-logging/commons-logging/1.2/commons-logging-1.2.jar:/Users/user1/.m2/repository/commons-codec/commons-codec/1.9/commons-codec-1.9.jar:/Users/user1/.m2/repository/org/apache/httpcomponents/httpmime/4.5.2/httpmime-4.5.2.jar:/Users/user1/.m2/repository/org/jsoup/jsoup/1.9.2/jsoup-1.9.2.jar:/Users/user1/.m2/repository/com/google/code/gson/gson/2.8.0/gson-2.8.0.jar:/Users/user1/.m2/repository/com/relevantcodes/extentreports/2.41.2/extentreports-2.41.2.jar:/Users/user1/.m2/repository/org/xerial/sqlite-jdbc/3.8.11.1/sqlite-jdbc-3.8.11.1.jar:"/>
    <property name="sun.cpu.endian" value="little"/>
    <property name="user.home" value="/Users/user1"/>
    <property name="user.language" value="en"/>
    <property name="java.specification.vendor" value="Oracle Corporation"/>
    <property name="java.home" value="/Library/Java/JavaVirtualMachines/jdk1.8.0_65.jdk/Contents/Home/jre"/>
    <property name="basedir" value="/Users/user1/Desktop/Neetha-work/Courses/Java/E2EProject"/>
    <property name="file.separator" value="/"/>
    <property name="line.separator" value="&#10;"/>
    <property name="java.vm.specification.vendor" value="Oracle Corporation"/>
    <property name="java.specification.name" value="Java Platform API Specification"/>
    <property name="java.awt.graphicsenv" value="sun.awt.CGraphicsEnvironment"/>
    <property name="surefire.real.class.path" value="/Users/user1/Desktop/Neetha-work/Courses/Java/E2EProject/target/surefire/surefirebooter7351756822907912378.jar"/>
    <property name="sun.boot.class.path" value="/Library/Java/JavaVirtualMachines/jdk1.8.0_65.jdk/Contents/Home/jre/lib/resources.jar:/Library/Java/JavaVirtualMachines/jdk1.8.0_65.jdk/Contents/Home/jre/lib/rt.jar:/Library/Java/JavaVirtualMachines/jdk1.8.0_65.jdk/Contents/Home/jre/lib/sunrsasign.jar:/Library/Java/JavaVirtualMachines/jdk1.8.0_65.jdk/Contents/Home/jre/lib/jsse.jar:/Library/Java/JavaVirtualMachines/jdk1.8.0_65.jdk/Contents/Home/jre/lib/jce.jar:/Library/Java/JavaVirtualMachines/jdk1.8.0_65.jdk/Contents/Home/jre/lib/charsets.jar:/Library/Java/JavaVirtualMachines/jdk1.8.0_65.jdk/Contents/Home/jre/lib/jfr.jar:/Library/Java/JavaVirtualMachines/jdk1.8.0_65.jdk/Contents/Home/jre/classes"/>
    <property name="sun.management.compiler" value="HotSpot 64-Bit Tiered Compilers"/>
    <property name="ftp.nonProxyHosts" value="local|*.local|169.254/16|*.169.254/16"/>
    <property name="java.runtime.version" value="1.8.0_65-b17"/>
    <property name="user.name" value="user1"/>
    <property name="path.separator" value=":"/>
    <property name="os.version" value="10.12.6"/>
    <property name="java.endorsed.dirs" value="/Library/Java/JavaVirtualMachines/jdk1.8.0_65.jdk/Contents/Home/jre/lib/endorsed"/>
    <property name="java.runtime.name" value="Java(TM) SE Runtime Environment"/>
    <property name="file.encoding" value="UTF-8"/>
    <property name="browser" value="chrome"/>
    <property name="java.vm.name" value="Java HotSpot(TM) 64-Bit Server VM"/>
    <property name="localRepository" value="/Users/user1/.m2/repository"/>
    <property name="java.vendor.url.bug" value="http://bugreport.sun.com/bugreport/"/>
    <property name="java.io.tmpdir" value="/var/folders/5_/lgztq5rd0xv6fd5rdzgtkm880000gn/T/"/>
    <property name="java.version" value="1.8.0_65"/>
    <property name="user.dir" value="/Users/user1/Desktop/Neetha-work/Courses/Java/E2EProject"/>
    <property name="os.arch" value="x86_64"/>
    <property name="java.vm.specification.name" value="Java Virtual Machine Specification"/>
    <property name="java.awt.printerjob" value="sun.lwawt.macosx.CPrinterJob"/>
    <property name="sun.os.patch.level" value="unknown"/>
    <property name="java.library.path" value="/Users/user1/Library/Java/Extensions:/Library/Java/Extensions:/Network/Library/Java/Extensions:/System/Library/Java/Extensions:/usr/lib/java:."/>
    <property name="java.vm.info" value="mixed mode"/>
    <property name="java.vendor" value="Oracle Corporation"/>
    <property name="java.vm.version" value="25.65-b01"/>
    <property name="java.ext.dirs" value="/Users/user1/Library/Java/Extensions:/Library/Java/JavaVirtualMachines/jdk1.8.0_65.jdk/Contents/Home/jre/lib/ext:/Library/Java/Extensions:/Network/Library/Java/Extensions:/System/Library/Java/Extensions:/usr/lib/java"/>
    <property name="sun.io.unicode.encoding" value="UnicodeBig"/>
    <property name="java.class.version" value="52.0"/>
    <property name="socksNonProxyHosts" value="local|*.local|169.254/16|*.169.254/16"/>
  </properties>
  <testcase name="basePageNavigation" classname="CompleteIntegration.HomePage" time="8.3"/>
  <testcase name="basePageNavigation" classname="CompleteIntegration.HomePage" time="5.344"/>
  <testcase name="basePageNavigation" classname="CompleteIntegration.HomePage" time="4.665"/>
  <testcase name="testApp" classname="CompleteIntegration.AppTest" time="0.002"/>
  <testcase name="PageTitle" classname="CompleteIntegration.ValidateTitle" time="0.037">
    <failure message="expected [FEATURED COURSES777] but found [FEATURED COURSES]" type="java.lang.AssertionError"><![CDATA[java.lang.AssertionError: expected [FEATURED COURSES777] but found [FEATURED COURSES]
	at CompleteIntegration.ValidateTitle.PageTitle(ValidateTitle.java:34)
]]></failure>
    <system-out><![CDATA[chrome
/Users/user1/Desktop/Neetha-work/Courses/Java/E2EProject
]]></system-out>
    <system-err><![CDATA[Starting ChromeDriver 80.0.3987.106 (f68069574609230cf9b635cd784cfb1bf81bb53a-refs/branch-heads/3987@{#882}) on port 4759
Only local connections are allowed.
Please protect ports used by ChromeDriver and related test frameworks to prevent access by malicious code.
[1588187090.631][WARNING]: This version of ChromeDriver has not been tested with Chrome version 81.
Apr 29, 2020 12:04:50 PM org.openqa.selenium.remote.ProtocolHandshake createSession
INFO: Detected dialect: W3C
[1588187091.747][SEVERE]: Timed out receiving message from renderer: 0.100
[1588187091.849][SEVERE]: Timed out receiving message from renderer: 0.100
[1588187092.055][SEVERE]: Timed out receiving message from renderer: 0.100
[1588187092.157][SEVERE]: Timed out receiving message from renderer: 0.100
[1588187092.259][SEVERE]: Timed out receiving message from renderer: 0.100
[1588187092.361][SEVERE]: Timed out receiving message from renderer: 0.100
[1588187092.464][SEVERE]: Timed out receiving message from renderer: 0.100
[1588187092.566][SEVERE]: Timed out receiving message from renderer: 0.100
[1588187093.167][SEVERE]: Timed out receiving message from renderer: 0.100
[1588187093.269][SEVERE]: Timed out receiving message from renderer: 0.100
]]></system-err>
  </testcase>
  <testcase name="PageNavigation" classname="CompleteIntegration.ValidateNavigationBar" time="0.058"/>
</testsuite>