<?xml version="1.0" encoding="UTF-8"?>
<!-- Generated by org.testng.reporters.JUnitReportReporter -->
<testsuite hostname="Neethas-MacBook-Pro.local" name="CompleteIntegration.AppTest" tests="1" failures="0" timestamp="29 Apr 2020 18:41:01 GMT" time="0.004" errors="0">
  <testcase name="testApp" time="0.004" classname="CompleteIntegration.AppTest"/>
</testsuite> <!-- CompleteIntegration.AppTest -->
